Writing to 0x81...
...done
.Writing to 0x8f...
...done
.Writing to 0x81...
...done
no bytes read
.Failed to transmit write packet
Failed to set the requested power mode: 02
{"motion": 1, "temperature": 0.00, "humidity": 0.00, "illuminance": 0}
{"motion": 0, "temperature": 21.50, "humidity": 64.60, "illuminance": 0}
{"motion": 0, "temperature": 21.50, "humidity": 64.60, "illuminance": 0}
{"motion": 0, "temperature": 21.60, "humidity": 64.60, "illuminance": 0}
{"motion": 0, "temperature": 21.60, "humidity": 64.60, "illuminance": 0}
{"motion": 0, "temperature": 21.60, "humidity": 64.60, "illuminance": 0}
{"motion": 0, "temperature": 21.60, "humidity": 64.60, "illuminance": 0}
{"motion": 0, "temperature": 21.60, "humidity": 64.60, "illuminance": 0}
{"motion": 0, "temperature": 21.60, "humidity": 64.30, "illuminance": 0}
{"motion": 0, "temperature": 21.50, "humidity": 64.60, "illuminance": 0}
{"motion": 0, "temperature": 21.60, "humidity": 64.60, "illuminance": 0}
{"motion": 0, "temperature": 21.50, "humidity": 64.60, "illuminance": 0}
{"motion": 0, "temperature": 21.60, "humidity": 64.60, "illuminance": 0}
{"motion": 0, "temperature": 21.50, "humidity": 64.60, "illuminance": 0}
{"motion": 0, "temperature": 21.50, "humidity": 64.30, "illuminance": 0}
{"motion": 0, "temperature": 21.50, "humidity": 64.60, "illuminance": 0}
{"motion": 0, "temperature": 21.40, "humidity": 64.60, "illuminance": 0}
{"motion": 0, "temperature": 21.40, "humidity": 64.30, "illuminance": 0}
{"motion": 0, "temperature": 21.40, "humidity": 64.60, "illuminance": 0}
{"motion": 0, "temperature": 21.50, "humidity": 64.60, "illuminance": 0}
{"motion": 0, "temperature": 21.50, "humidity": 64.60, "illuminance": 0}
{"motion": 0, "temperature": 21.50, "humidity": 64.60, "illuminance": 0}
{"motion": 0, "temperature": 21.50, "humidity": 64.60, "illuminance": 0}
{"motion": 0, "temperature": 21.60, "humidity": 64.30, "illuminance": 0}
{"motion": 0, "temperature": 21.60, "humidity": 64.60, "illuminance": 0}
{"motion": 0, "temperature": 21.60, "humidity": 64.30, "illuminance": 0}
{"motion": 0, "temperature": 21.60, "humidity": 64.30, "illuminance": 0}
{"motion": 0, "temperature": 21.60, "humidity": 64.30, "illuminance": 0}
{"motion": 0, "temperature": 21.60, "humidity": 64.30, "illuminance": 0}
{"motion": 0, "temperature": 21.60, "humidity": 64.30, "illuminance": 0}
{"motion": 0, "temperature": 21.50, "humidity": 64.30, "illuminance": 0}
{"motion": 0, "temperature": 21.50, "humidity": 64.30, "illuminance": 0}
{"motion": 0, "temperature": 21.50, "humidity": 64.30, "illuminance": 0}
{"motion": 0, "temperature": 21.50, "humidity": 64.30, "illuminance": 0}
{"motion": 0, "temperature": 21.60, "humidity": 64.30, "illuminance": 0}
{"motion": 0, "temperature": 21.60, "humidity": 64.30, "illuminance": 0}
{"motion": 0, "temperature": 21.60, "humidity": 64.30, "illuminance": 0}
{"motion": 0, "temperature": 21.50, "humidity": 64.30, "illuminance": 0}
{"motion": 0, "temperature": 21.50, "humidity": 64.00, "illuminance": 0}
{"motion": 0, "temperature": 21.60, "humidity": 64.00, "illuminance": 0}
{"motion": 0, "temperature": 21.60, "humidity": 64.00, "illuminance": 0}
{"motion": 0, "temperature": 21.60, "humidity": 64.00, "illuminance": 0}
{"motion": 0, "temperature": 21.60, "humidity": 64.30, "illuminance": 0}
{"motion": 0, "temperature": 21.60, "humidity": 64.00, "illuminance": 0}
{"motion": 0, "temperature": 21.60, "humidity": 64.00, "illuminance": 0}
{"motion": 0, "temperature": 21.60, "humidity": 64.00, "illuminance": 0}
{"motion": 0, "temperature": 21.60, "humidity": 64.00, "illuminance": 0}
{"motion": 0, "temperature": 21.60, "humidity": 64.00, "illuminance": 0}
{"motion": 0, "temperature": 21.60, "humidity": 64.00, "illuminance": 0}
{"motion": 0, "temperature": 21.60, "humidity": 64.00, "illuminance": 0}
{"motion": 0, "temperature": 21.50, "humidity": 64.30, "illuminance": 0}
{"motion": 0, "temperature": 21.60, "humidity": 64.30, "illuminance": 0}
{"motion": 0, "temperature": 21.60, "humidity": 64.00, "illuminance": 0}
Writing to 0x81...
...done
.Writing to 0x8f...
...done
.Writing to 0x81...
...done
no bytes read
.Failed to transmit write packet
Failed to set the requested power mode: 02
{"motion": 1, "temperature": 0.00, "humidity": 0.00, "illuminance": 0}
{"motion": 0, "temperature": 21.60, "humidity": 62.40, "illuminance": 69}
{"motion": 0, "temperature": 21.70, "humidity": 62.70, "illuminance": 69}
{"motion": 0, "temperature": 21.70, "humidity": 62.70, "illuminance": 69}
{"motion": 0, "temperature": 21.70, "humidity": 62.70, "illuminance": 86}
{"motion": 0, "temperature": 21.70, "humidity": 62.70, "illuminance": 86}
{"motion": 0, "temperature": 21.70, "humidity": 62.70, "illuminance": 86}
{"motion": 0, "temperature": 21.70, "humidity": 62.70, "illuminance": 86}
{"motion": 0, "temperature": 21.70, "humidity": 62.70, "illuminance": 86}
{"motion": 0, "temperature": 21.60, "humidity": 62.70, "illuminance": 86}
{"motion": 0, "temperature": 21.70, "humidity": 62.70, "illuminance": 86}
{"motion": 0, "temperature": 21.70, "humidity": 62.70, "illuminance": 86}
{"motion": 0, "temperature": 21.70, "humidity": 63.00, "illuminance": 86}
{"motion": 0, "temperature": 21.70, "humidity": 63.00, "illuminance": 76}
{"motion": 0, "temperature": 21.70, "humidity": 63.00, "illuminance": 76}
{"motion": 0, "temperature": 21.70, "humidity": 62.70, "illuminance": 69}
{"motion": 0, "temperature": 21.70, "humidity": 62.70, "illuminance": 76}
{"motion": 0, "temperature": 21.70, "humidity": 62.70, "illuminance": 69}
{"motion": 0, "temperature": 21.70, "humidity": 62.70, "illuminance": 76}
{"motion": 0, "temperature": 21.70, "humidity": 63.00, "illuminance": 76}
{"motion": 0, "temperature": 21.70, "humidity": 63.00, "illuminance": 76}
{"motion": 0, "temperature": 21.60, "humidity": 63.00, "illuminance": 69}
{"motion": 0, "temperature": 21.50, "humidity": 63.00, "illuminance": 69}
{"motion": 0, "temperature": 21.50, "humidity": 63.00, "illuminance": 69}
{"motion": 0, "temperature": 21.50, "humidity": 63.00, "illuminance": 69}
{"motion": 0, "temperature": 21.50, "humidity": 63.00, "illuminance": 69}
{"motion": 0, "temperature": 21.60, "humidity": 63.00, "illuminance": 76}
{"motion": 0, "temperature": 21.60, "humidity": 63.00, "illuminance": 76}
{"motion": 0, "temperature": 21.60, "humidity": 63.00, "illuminance": 76}
{"motion": 0, "temperature": 21.60, "humidity": 63.00, "illuminance": 76}
{"motion": 0, "temperature": 21.50, "humidity": 63.00, "illuminance": 76}
{"motion": 0, "temperature": 21.50, "humidity": 62.70, "illuminance": 76}
{"motion": 0, "temperature": 21.50, "humidity": 62.70, "illuminance": 69}
{"motion": 0, "temperature": 21.50, "humidity": 63.00, "illuminance": 69}
{"motion": 0, "temperature": 21.50, "humidity": 63.00, "illuminance": 69}
{"motion": 0, "temperature": 21.50, "humidity": 63.00, "illuminance": 76}
{"motion": 0, "temperature": 21.50, "humidity": 63.00, "illuminance": 69}
{"motion": 0, "temperature": 21.50, "humidity": 62.70, "illuminance": 69}
{"motion": 0, "temperature": 21.50, "humidity": 63.00, "illuminance": 59}
{"motion": 0, "temperature": 21.50, "humidity": 63.00, "illuminance": 59}
{"motion": 0, "temperature": 21.40, "humidity": 63.00, "illuminance": 76}
{"motion": 0, "temperature": 21.50, "humidity": 63.00, "illuminance": 76}
{"motion": 0, "temperature": 21.50, "humidity": 63.00, "illuminance": 76}
{"motion": 0, "temperature": 21.50, "humidity": 63.00, "illuminance": 69}
{"motion": 0, "temperature": 21.50, "humidity": 63.00, "illuminance": 76}
{"motion": 0, "temperature": 21.50, "humidity": 62.70, "illuminance": 76}
{"motion": 0, "temperature": 21.50, "humidity": 63.00, "illuminance": 69}
{"motion": 0, "temperature": 21.50, "humidity": 62.70, "illuminance": 69}
{"motion": 0, "temperature": 21.50, "humidity": 62.70, "illuminance": 76}
{"motion": 0, "temperature": 21.50, "humidity": 62.70, "illuminance": 76}
{"motion": 0, "temperature": 21.50, "humidity": 62.70, "illuminance": 76}
{"motion": 0, "temperature": 21.50, "humidity": 63.00, "illuminance": 76}
{"motion": 0, "temperature": 21.60, "humidity": 63.00, "illuminance": 76}
{"motion": 0, "temperature": 21.50, "humidity": 62.70, "illuminance": 76}
{"motion": 0, "temperature": 21.50, "humidity": 62.70, "illuminance": 59}
{"motion": 0, "temperature": 21.50, "humidity": 62.70, "illuminance": 59}
{"motion": 0, "temperature": 21.50, "humidity": 62.70, "illuminance": 59}
{"motion": 0, "temperature": 21.50, "humidity": 62.70, "illuminance": 59}
{"motion": 0, "temperature": 21.50, "humidity": 62.70, "illuminance": 59}
{"motion": 0, "temperature": 21.50, "humidity": 62.70, "illuminance": 59}
{"motion": 0, "temperature": 21.50, "humidity": 62.70, "illuminance": 59}
{"motion": 0, "temperature": 21.50, "humidity": 62.70, "illuminance": 76}
{"motion": 0, "temperature": 21.50, "humidity": 62.70, "illuminance": 76}
{"motion": 0, "temperature": 21.40, "humidity": 62.70, "illuminance": 76}
{"motion": 0, "temperature": 21.40, "humidity": 62.70, "illuminance": 76}
{"motion": 0, "temperature": 21.40, "humidity": 62.70, "illuminance": 76}
{"motion": 0, "temperature": 21.40, "humidity": 62.70, "illuminance": 76}
{"motion": 0, "temperature": 21.40, "humidity": 62.70, "illuminance": 76}
{"motion": 0, "temperature": 21.40, "humidity": 62.70, "illuminance": 86}
{"motion": 0, "temperature": 21.40, "humidity": 63.00, "illuminance": 86}
{"motion": 0, "temperature": 21.40, "humidity": 62.70, "illuminance": 86}
{"motion": 0, "temperature": 21.50, "humidity": 62.70, "illuminance": 86}
{"motion": 0, "temperature": 21.50, "humidity": 62.70, "illuminance": 86}
{"motion": 0, "temperature": 21.50, "humidity": 62.70, "illuminance": 86}
{"motion": 0, "temperature": 21.50, "humidity": 62.70, "illuminance": 86}
{"motion": 0, "temperature": 21.50, "humidity": 62.40, "illuminance": 76}
{"motion": 0, "temperature": 21.50, "humidity": 62.70, "illuminance": 76}
{"motion": 0, "temperature": 21.50, "humidity": 62.70, "illuminance": 69}
{"motion": 0, "temperature": 21.50, "humidity": 62.70, "illuminance": 69}
{"motion": 0, "temperature": 21.50, "humidity": 62.70, "illuminance": 76}
{"motion": 0, "temperature": 21.50, "humidity": 62.70, "illuminance": 76}
{"motion": 0, "temperature": 21.50, "humidity": 62.70, "illuminance": 76}
{"motion": 0, "temperature": 21.50, "humidity": 63.00, "illuminance": 69}
{"motion": 0, "temperature": 21.50, "humidity": 63.00, "illuminance": 69}
{"motion": 0, "temperature": 21.60, "humidity": 62.70, "illuminance": 69}
{"motion": 0, "temperature": 21.60, "humidity": 62.70, "illuminance": 69}
{"motion": 0, "temperature": 21.60, "humidity": 62.70, "illuminance": 76}
{"motion": 0, "temperature": 21.60, "humidity": 63.00, "illuminance": 86}
{"motion": 0, "temperature": 21.60, "humidity": 63.00, "illuminance": 86}
{"motion": 0, "temperature": 21.50, "humidity": 63.00, "illuminance": 76}
{"motion": 0, "temperature": 21.50, "humidity": 63.00, "illuminance": 76}
{"motion": 0, "temperature": 21.50, "humidity": 63.00, "illuminance": 76}
{"motion": 0, "temperature": 21.40, "humidity": 63.00, "illuminance": 76}
{"motion": 0, "temperature": 21.40, "humidity": 63.00, "illuminance": 76}
{"motion": 0, "temperature": 21.50, "humidity": 63.00, "illuminance": 69}
{"motion": 0, "temperature": 21.50, "humidity": 63.00, "illuminance": 76}
{"motion": 0, "temperature": 21.50, "humidity": 63.00, "illuminance": 69}
{"motion": 0, "temperature": 21.50, "humidity": 63.00, "illuminance": 69}
{"motion": 0, "temperature": 21.50, "humidity": 63.00, "illuminance": 69}
{"motion": 0, "temperature": 21.50, "humidity": 62.70, "illuminance": 69}
{"motion": 0, "temperature": 21.50, "humidity": 63.00, "illuminance": 69}
{"motion": 0, "temperature": 21.50, "humidity": 63.00, "illuminance": 69}
{"motion": 0, "temperature": 21.50, "humidity": 63.00, "illuminance": 76}
{"motion": 0, "temperature": 21.50, "humidity": 63.00, "illuminance": 76}
{"motion": 0, "temperature": 21.50, "humidity": 63.00, "illuminance": 76}
{"motion": 0, "temperature": 21.50, "humidity": 63.00, "illuminance": 69}
{"motion": 0, "temperature": 21.50, "humidity": 63.00, "illuminance": 69}
{"motion": 0, "temperature": 21.50, "humidity": 63.00, "illuminance": 69}
{"motion": 0, "temperature": 21.50, "humidity": 63.00, "illuminance": 69}
{"motion": 0, "temperature": 21.60, "humidity": 63.00, "illuminance": 69}
{"motion": 0, "temperature": 21.60, "humidity": 63.00, "illuminance": 69}
{"motion": 0, "temperature": 21.60, "humidity": 63.00, "illuminance": 69}
{"motion": 0, "temperature": 21.60, "humidity": 63.00, "illuminance": 76}
{"motion": 0, "temperature": 21.60, "humidity": 63.00, "illuminance": 69}
{"motion": 0, "temperature": 21.70, "humidity": 63.00, "illuminance": 69}
{"motion": 0, "temperature": 21.70, "humidity": 63.00, "illuminance": 69}
Writing to 0x81...
...done
.Writing to 0x8f...
...done
.Writing to 0x81...
...done
no bytes read
.Failed to transmit write packet
Failed to set the requested power mode: 02
{"motion": 1, "temperature": 0.00, "humidity": 0.00, "illuminance": 0}
{"motion": 0, "temperature": 23.50, "humidity": 59.80, "illuminance": 219}
{"motion": 0, "temperature": 23.50, "humidity": 59.50, "illuminance": 229}
{"motion": 0, "temperature": 23.40, "humidity": 59.50, "illuminance": 219}
{"motion": 0, "temperature": 23.40, "humidity": 59.80, "illuminance": 229}
{"motion": 0, "temperature": 23.40, "humidity": 59.80, "illuminance": 229}
{"motion": 0, "temperature": 23.50, "humidity": 59.80, "illuminance": 229}
{"motion": 0, "temperature": 23.50, "humidity": 59.50, "illuminance": 229}
{"motion": 0, "temperature": 23.50, "humidity": 59.80, "illuminance": 229}
{"motion": 0, "temperature": 23.40, "humidity": 59.80, "illuminance": 229}
{"motion": 0, "temperature": 23.50, "humidity": 59.80, "illuminance": 219}
{"motion": 0, "temperature": 23.50, "humidity": 59.80, "illuminance": 219}
{"motion": 0, "temperature": 23.50, "humidity": 59.80, "illuminance": 219}
{"motion": 0, "temperature": 23.50, "humidity": 59.80, "illuminance": 219}
{"motion": 0, "temperature": 23.50, "humidity": 59.80, "illuminance": 219}
{"motion": 0, "temperature": 23.50, "humidity": 59.80, "illuminance": 219}
{"motion": 0, "temperature": 23.40, "humidity": 59.80, "illuminance": 219}
{"motion": 0, "temperature": 23.40, "humidity": 59.80, "illuminance": 219}
{"motion": 0, "temperature": 23.40, "humidity": 59.80, "illuminance": 219}
{"motion": 0, "temperature": 23.50, "humidity": 59.80, "illuminance": 219}
{"motion": 0, "temperature": 23.40, "humidity": 59.80, "illuminance": 229}
{"motion": 0, "temperature": 23.50, "humidity": 59.80, "illuminance": 229}
{"motion": 0, "temperature": 23.50, "humidity": 59.80, "illuminance": 229}
{"motion": 0, "temperature": 23.40, "humidity": 59.80, "illuminance": 219}
{"motion": 0, "temperature": 23.50, "humidity": 59.80, "illuminance": 219}
{"motion": 0, "temperature": 23.50, "humidity": 59.80, "illuminance": 209}
{"motion": 0, "temperature": 23.40, "humidity": 59.80, "illuminance": 209}
{"motion": 0, "temperature": 23.40, "humidity": 59.80, "illuminance": 219}
{"motion": 0, "temperature": 23.40, "humidity": 59.80, "illuminance": 219}
{"motion": 0, "temperature": 23.50, "humidity": 59.80, "illuminance": 219}
{"motion": 0, "temperature": 23.50, "humidity": 60.10, "illuminance": 219}
{"motion": 0, "temperature": 23.50, "humidity": 59.80, "illuminance": 209}
{"motion": 0, "temperature": 23.50, "humidity": 59.80, "illuminance": 209}
{"motion": 0, "temperature": 23.50, "humidity": 59.80, "illuminance": 209}
{"motion": 0, "temperature": 23.50, "humidity": 59.80, "illuminance": 209}
{"motion": 0, "temperature": 23.50, "humidity": 59.50, "illuminance": 209}
{"motion": 0, "temperature": 23.50, "humidity": 59.80, "illuminance": 209}
{"motion": 0, "temperature": 23.50, "humidity": 59.80, "illuminance": 209}
{"motion": 0, "temperature": 23.40, "humidity": 59.50, "illuminance": 219}
{"motion": 0, "temperature": 23.40, "humidity": 59.80, "illuminance": 219}
{"motion": 0, "temperature": 23.50, "humidity": 59.80, "illuminance": 219}
{"motion": 0, "temperature": 23.50, "humidity": 59.80, "illuminance": 219}
{"motion": 0, "temperature": 23.50, "humidity": 59.80, "illuminance": 209}
{"motion": 0, "temperature": 23.40, "humidity": 59.50, "illuminance": 193}
{"motion": 0, "temperature": 23.40, "humidity": 59.80, "illuminance": 193}
{"motion": 0, "temperature": 23.40, "humidity": 59.80, "illuminance": 193}
{"motion": 0, "temperature": 23.50, "humidity": 59.80, "illuminance": 203}
{"motion": 0, "temperature": 23.50, "humidity": 59.80, "illuminance": 203}
{"motion": 0, "temperature": 23.50, "humidity": 59.80, "illuminance": 209}
{"motion": 0, "temperature": 23.50, "humidity": 59.80, "illuminance": 209}
{"motion": 0, "temperature": 23.50, "humidity": 59.80, "illuminance": 209}
{"motion": 0, "temperature": 23.50, "humidity": 59.80, "illuminance": 229}
{"motion": 0, "temperature": 23.50, "humidity": 59.80, "illuminance": 229}
{"motion": 0, "temperature": 23.50, "humidity": 59.80, "illuminance": 229}
{"motion": 0, "temperature": 23.50, "humidity": 59.80, "illuminance": 229}
{"motion": 0, "temperature": 23.50, "humidity": 59.80, "illuminance": 229}
{"motion": 0, "temperature": 23.50, "humidity": 59.80, "illuminance": 219}
{"motion": 0, "temperature": 23.40, "humidity": 60.10, "illuminance": 209}
{"motion": 0, "temperature": 23.40, "humidity": 59.80, "illuminance": 219}
{"motion": 0, "temperature": 23.40, "humidity": 59.80, "illuminance": 219}
{"motion": 0, "temperature": 23.40, "humidity": 60.10, "illuminance": 219}
{"motion": 0, "temperature": 23.30, "humidity": 59.80, "illuminance": 219}
{"motion": 0, "temperature": 23.20, "humidity": 59.80, "illuminance": 219}
{"motion": 0, "temperature": 23.30, "humidity": 59.80, "illuminance": 219}
{"motion": 0, "temperature": 23.30, "humidity": 60.10, "illuminance": 219}
{"motion": 0, "temperature": 23.30, "humidity": 59.80, "illuminance": 209}
{"motion": 0, "temperature": 23.30, "humidity": 59.80, "illuminance": 209}
{"motion": 0, "temperature": 23.30, "humidity": 59.80, "illuminance": 209}
{"motion": 0, "temperature": 23.30, "humidity": 59.80, "illuminance": 209}
{"motion": 0, "temperature": 23.30, "humidity": 59.80, "illuminance": 203}
{"motion": 0, "temperature": 23.30, "humidity": 59.80, "illuminance": 203}
{"motion": 0, "temperature": 23.30, "humidity": 59.80, "illuminance": 203}
{"motion": 0, "temperature": 23.40, "humidity": 59.80, "illuminance": 203}
{"motion": 0, "temperature": 23.40, "humidity": 59.80, "illuminance": 203}
{"motion": 0, "temperature": 23.40, "humidity": 59.80, "illuminance": 203}
{"motion": 0, "temperature": 23.40, "humidity": 59.80, "illuminance": 209}
{"motion": 0, "temperature": 23.40, "humidity": 59.80, "illuminance": 209}
{"motion": 0, "temperature": 23.40, "humidity": 59.50, "illuminance": 209}
{"motion": 0, "temperature": 23.40, "humidity": 59.50, "illuminance": 209}
{"motion": 0, "temperature": 23.50, "humidity": 59.50, "illuminance": 203}
{"motion": 0, "temperature": 23.40, "humidity": 59.50, "illuminance": 203}
{"motion": 0, "temperature": 23.50, "humidity": 59.50, "illuminance": 219}
{"motion": 0, "temperature": 23.50, "humidity": 59.50, "illuminance": 219}
{"motion": 0, "temperature": 23.50, "humidity": 59.50, "illuminance": 209}
{"motion": 0, "temperature": 23.40, "humidity": 59.80, "illuminance": 209}
{"motion": 0, "temperature": 23.30, "humidity": 59.50, "illuminance": 209}
{"motion": 0, "temperature": 23.30, "humidity": 59.50, "illuminance": 209}
{"motion": 0, "temperature": 23.30, "humidity": 59.50, "illuminance": 209}
{"motion": 0, "temperature": 23.30, "humidity": 59.50, "illuminance": 209}
{"motion": 0, "temperature": 23.20, "humidity": 59.80, "illuminance": 209}
{"motion": 0, "temperature": 23.30, "humidity": 59.80, "illuminance": 209}
Failed to read data
{"motion": 0, "temperature": 23.30, "humidity": 59.80, "illuminance": 209}
Failed to read data
{"motion": 0, "temperature": 23.30, "humidity": 59.80, "illuminance": 209}
Failed to read data
{"motion": 0, "temperature": 23.30, "humidity": 59.80, "illuminance": 209}
Failed to read data
{"motion": 0, "temperature": 23.30, "humidity": 59.80, "illuminance": 209}
{"motion": 1, "temperature": 23.00, "humidity": 59.80, "illuminance": 156}
{"motion": 1, "temperature": 23.10, "humidity": 59.50, "illuminance": 166}
{"motion": 1, "temperature": 23.10, "humidity": 59.50, "illuminance": 176}
{"motion": 1, "temperature": 23.10, "humidity": 59.80, "illuminance": 183}
{"motion": 1, "temperature": 23.20, "humidity": 59.50, "illuminance": 183}
{"motion": 1, "temperature": 23.30, "humidity": 59.50, "illuminance": 183}
{"motion": 1, "temperature": 23.30, "humidity": 59.50, "illuminance": 183}
{"motion": 1, "temperature": 23.30, "humidity": 59.80, "illuminance": 183}
{"motion": 1, "temperature": 23.30, "humidity": 59.50, "illuminance": 183}
{"motion": 1, "temperature": 23.30, "humidity": 59.50, "illuminance": 183}
{"motion": 0, "temperature": 23.30, "humidity": 59.80, "illuminance": 193}
{"motion": 0, "temperature": 23.30, "humidity": 59.50, "illuminance": 203}
{"motion": 0, "temperature": 23.40, "humidity": 59.50, "illuminance": 209}
{"motion": 0, "temperature": 23.40, "humidity": 59.50, "illuminance": 209}
{"motion": 0, "temperature": 23.40, "humidity": 59.80, "illuminance": 209}
{"motion": 0, "temperature": 23.30, "humidity": 59.80, "illuminance": 209}
{"motion": 0, "temperature": 23.30, "humidity": 59.80, "illuminance": 209}
{"motion": 0, "temperature": 23.30, "humidity": 59.80, "illuminance": 209}
{"motion": 0, "temperature": 23.30, "humidity": 59.80, "illuminance": 219}
{"motion": 0, "temperature": 23.30, "humidity": 59.80, "illuminance": 209}
{"motion": 0, "temperature": 23.40, "humidity": 59.80, "illuminance": 209}
{"motion": 0, "temperature": 23.30, "humidity": 59.80, "illuminance": 209}
{"motion": 0, "temperature": 23.30, "humidity": 59.80, "illuminance": 209}
{"motion": 0, "temperature": 23.30, "humidity": 59.80, "illuminance": 209}
{"motion": 0, "temperature": 23.30, "humidity": 59.80, "illuminance": 209}
{"motion": 0, "temperature": 23.20, "humidity": 59.80, "illuminance": 209}
{"motion": 0, "temperature": 23.30, "humidity": 59.80, "illuminance": 209}
{"motion": 0, "temperature": 23.30, "humidity": 59.80, "illuminance": 209}
{"motion": 0, "temperature": 23.30, "humidity": 59.80, "illuminance": 209}
{"motion": 0, "temperature": 23.30, "humidity": 59.80, "illuminance": 209}
{"motion": 0, "temperature": 23.30, "humidity": 59.80, "illuminance": 219}
{"motion": 0, "temperature": 23.30, "humidity": 59.50, "illuminance": 219}
{"motion": 0, "temperature": 23.30, "humidity": 59.80, "illuminance": 219}
{"motion": 0, "temperature": 23.30, "humidity": 59.80, "illuminance": 219}
{"motion": 0, "temperature": 23.30, "humidity": 59.80, "illuminance": 209}
{"motion": 0, "temperature": 23.30, "humidity": 59.80, "illuminance": 209}
{"motion": 0, "temperature": 23.30, "humidity": 59.80, "illuminance": 209}
{"motion": 0, "temperature": 23.30, "humidity": 59.80, "illuminance": 209}
{"motion": 0, "temperature": 23.30, "humidity": 59.80, "illuminance": 209}
{"motion": 0, "temperature": 23.40, "humidity": 59.80, "illuminance": 209}
{"motion": 0, "temperature": 23.40, "humidity": 59.80, "illuminance": 209}
{"motion": 0, "temperature": 23.50, "humidity": 59.80, "illuminance": 209}
{"motion": 0, "temperature": 23.50, "humidity": 59.80, "illuminance": 209}
{"motion": 0, "temperature": 23.40, "humidity": 59.80, "illuminance": 209}
{"motion": 0, "temperature": 23.50, "humidity": 59.80, "illuminance": 209}
{"motion": 0, "temperature": 23.50, "humidity": 59.80, "illuminance": 209}
{"motion": 0, "temperature": 23.50, "humidity": 59.80, "illuminance": 229}
{"motion": 0, "temperature": 23.50, "humidity": 60.10, "illuminance": 229}
{"motion": 0, "temperature": 23.40, "humidity": 60.10, "illuminance": 219}
{"motion": 0, "temperature": 23.40, "humidity": 60.10, "illuminance": 219}
{"motion": 0, "temperature": 23.30, "humidity": 60.10, "illuminance": 219}
{"motion": 0, "temperature": 23.40, "humidity": 60.10, "illuminance": 219}
{"motion": 0, "temperature": 23.30, "humidity": 59.80, "illuminance": 219}
{"motion": 0, "temperature": 23.20, "humidity": 59.80, "illuminance": 229}
{"motion": 0, "temperature": 23.20, "humidity": 59.80, "illuminance": 229}
{"motion": 0, "temperature": 23.20, "humidity": 59.80, "illuminance": 229}
{"motion": 0, "temperature": 23.20, "humidity": 59.80, "illuminance": 229}
{"motion": 0, "temperature": -0.01, "humidity": 6553.50, "illuminance": 65535}
{"motion": 0, "temperature": 23.10, "humidity": 59.80, "illuminance": 166}
{"motion": 0, "temperature": 23.30, "humidity": 59.80, "illuminance": 183}
{"motion": 0, "temperature": 23.30, "humidity": 59.80, "illuminance": 183}
{"motion": 0, "temperature": 23.30, "humidity": 59.80, "illuminance": 183}
{"motion": 0, "temperature": 23.30, "humidity": 59.80, "illuminance": 183}
{"motion": 0, "temperature": 23.40, "humidity": 59.80, "illuminance": 156}
{"motion": 0, "temperature": 23.40, "humidity": 59.80, "illuminance": 166}
{"motion": 0, "temperature": 23.40, "humidity": 60.10, "illuminance": 193}
{"motion": 0, "temperature": 23.30, "humidity": 59.80, "illuminance": 203}
{"motion": 0, "temperature": 23.40, "humidity": 60.10, "illuminance": 203}
{"motion": 0, "temperature": 23.50, "humidity": 60.10, "illuminance": 209}
{"motion": 0, "temperature": 23.50, "humidity": 60.40, "illuminance": 219}
{"motion": 1, "temperature": 23.40, "humidity": 60.40, "illuminance": 229}
{"motion": 1, "temperature": 23.30, "humidity": 60.40, "illuminance": 256}
{"motion": 1, "temperature": 23.30, "humidity": 60.80, "illuminance": 256}
{"motion": 1, "temperature": 23.40, "humidity": 60.40, "illuminance": 236}
{"motion": 1, "temperature": 23.20, "humidity": 60.40, "illuminance": 229}
{"motion": 1, "temperature": 22.90, "humidity": 60.40, "illuminance": 219}
{"motion": 1, "temperature": 22.90, "humidity": 60.40, "illuminance": 219}
{"motion": 1, "temperature": 23.10, "humidity": 60.40, "illuminance": 219}
{"motion": 1, "temperature": 23.10, "humidity": 60.40, "illuminance": 219}
{"motion": 0, "temperature": 0.00, "humidity": 0.00, "illuminance": 0}
{"motion": 0, "temperature": 0.00, "humidity": 6553.50, "illuminance": 65535}
{"motion": 0, "temperature": 0.00, "humidity": 0.00, "illuminance": 0}
{"motion": 0, "temperature": 23.10, "humidity": 60.10, "illuminance": 166}
{"motion": 0, "temperature": 23.10, "humidity": 60.10, "illuminance": 176}
{"motion": 0, "temperature": 23.20, "humidity": 60.10, "illuminance": 176}
{"motion": 0, "temperature": 23.20, "humidity": 60.10, "illuminance": 176}
{"motion": 0, "temperature": 23.20, "humidity": 60.40, "illuminance": 176}
{"motion": 0, "temperature": 23.20, "humidity": 60.10, "illuminance": 176}
Failed to read data
{"motion": 0, "temperature": 23.20, "humidity": 60.10, "illuminance": 176}
Failed to read data
{"motion": 0, "temperature": 23.20, "humidity": 60.10, "illuminance": 176}
Failed to read data
{"motion": 0, "temperature": 23.20, "humidity": 60.10, "illuminance": 176}
{"motion": 0, "temperature": 22.70, "humidity": 60.10, "illuminance": 149}
{"motion": 0, "temperature": 23.00, "humidity": 60.10, "illuminance": 166}
{"motion": 0, "temperature": 23.00, "humidity": 60.10, "illuminance": 166}
{"motion": 0, "temperature": 23.00, "humidity": 60.10, "illuminance": 176}
{"motion": 0, "temperature": 23.10, "humidity": 60.10, "illuminance": 183}
{"motion": 0, "temperature": 23.20, "humidity": 59.80, "illuminance": 183}
{"motion": 0, "temperature": 23.30, "humidity": 59.80, "illuminance": 193}
{"motion": 0, "temperature": 23.30, "humidity": 59.80, "illuminance": 203}
{"motion": 0, "temperature": 23.30, "humidity": 59.80, "illuminance": 203}
{"motion": 0, "temperature": 23.30, "humidity": 59.80, "illuminance": 203}
{"motion": 0, "temperature": 23.30, "humidity": 59.80, "illuminance": 203}
{"motion": 0, "temperature": 23.30, "humidity": 59.80, "illuminance": 203}
{"motion": 0, "temperature": 23.30, "humidity": 59.80, "illuminance": 203}
{"motion": 0, "temperature": 23.30, "humidity": 59.80, "illuminance": 203}
{"motion": 0, "temperature": 23.20, "humidity": 59.80, "illuminance": 203}
{"motion": 0, "temperature": 23.20, "humidity": 59.80, "illuminance": 209}
{"motion": 0, "temperature": 23.20, "humidity": 59.80, "illuminance": 209}
{"motion": 0, "temperature": 23.20, "humidity": 59.50, "illuminance": 219}
{"motion": 0, "temperature": 23.30, "humidity": 59.50, "illuminance": 229}
{"motion": 0, "temperature": 23.20, "humidity": 59.50, "illuminance": 229}
{"motion": 0, "temperature": 23.20, "humidity": 59.50, "illuminance": 229}
{"motion": 0, "temperature": 23.30, "humidity": 59.50, "illuminance": 229}
{"motion": 0, "temperature": 23.30, "humidity": 59.80, "illuminance": 219}
{"motion": 0, "temperature": 23.30, "humidity": 59.80, "illuminance": 229}
{"motion": 0, "temperature": 23.20, "humidity": 59.50, "illuminance": 229}
{"motion": 0, "temperature": 23.20, "humidity": 59.80, "illuminance": 219}
{"motion": 0, "temperature": 23.20, "humidity": 59.80, "illuminance": 209}
{"motion": 0, "temperature": 23.40, "humidity": 59.80, "illuminance": 229}
{"motion": 0, "temperature": 23.30, "humidity": 59.80, "illuminance": 229}
{"motion": 0, "temperature": 23.20, "humidity": 59.80, "illuminance": 229}
{"motion": 0, "temperature": 23.30, "humidity": 59.80, "illuminance": 229}
{"motion": 0, "temperature": 23.20, "humidity": 59.80, "illuminance": 229}
{"motion": 0, "temperature": 23.20, "humidity": 60.10, "illuminance": 209}
{"motion": 0, "temperature": 23.30, "humidity": 59.80, "illuminance": 209}
{"motion": 0, "temperature": 23.10, "humidity": 59.80, "illuminance": 176}
{"motion": 0, "temperature": 23.00, "humidity": 59.80, "illuminance": 193}
{"motion": 0, "temperature": 23.20, "humidity": 59.80, "illuminance": 193}
{"motion": 0, "temperature": 23.20, "humidity": 59.80, "illuminance": 193}
{"motion": 0, "temperature": 23.20, "humidity": 60.10, "illuminance": 193}
{"motion": 0, "temperature": 23.20, "humidity": 60.10, "illuminance": 193}
{"motion": 0, "temperature": 23.20, "humidity": 60.10, "illuminance": 193}
{"motion": 0, "temperature": 23.20, "humidity": 59.80, "illuminance": 203}
{"motion": 0, "temperature": 23.20, "humidity": 60.10, "illuminance": 219}
{"motion": 0, "temperature": 23.20, "humidity": 59.80, "illuminance": 219}
{"motion": 0, "temperature": 23.30, "humidity": 59.80, "illuminance": 209}
{"motion": 0, "temperature": 23.20, "humidity": 60.10, "illuminance": 209}
{"motion": 0, "temperature": 23.20, "humidity": 59.80, "illuminance": 219}
{"motion": 0, "temperature": 23.30, "humidity": 60.10, "illuminance": 219}
{"motion": 0, "temperature": 23.30, "humidity": 59.80, "illuminance": 219}
{"motion": 0, "temperature": 23.30, "humidity": 60.10, "illuminance": 219}
{"motion": 0, "temperature": 23.40, "humidity": 60.10, "illuminance": 219}
{"motion": 0, "temperature": 23.30, "humidity": 60.10, "illuminance": 219}
{"motion": 0, "temperature": 23.20, "humidity": 59.80, "illuminance": 219}
{"motion": 0, "temperature": 23.20, "humidity": 59.80, "illuminance": 219}
{"motion": 0, "temperature": 23.20, "humidity": 60.10, "illuminance": 219}
{"motion": 0, "temperature": 23.20, "humidity": 60.10, "illuminance": 219}
{"motion": 0, "temperature": 23.20, "humidity": 60.10, "illuminance": 209}
{"motion": 0, "temperature": 23.20, "humidity": 60.10, "illuminance": 209}
{"motion": 0, "temperature": 23.20, "humidity": 60.10, "illuminance": 209}
{"motion": 0, "temperature": 23.20, "humidity": 60.10, "illuminance": 209}
{"motion": 0, "temperature": 23.30, "humidity": 60.10, "illuminance": 203}
{"motion": 0, "temperature": 23.30, "humidity": 60.10, "illuminance": 203}
{"motion": 0, "temperature": 23.30, "humidity": 60.10, "illuminance": 203}
{"motion": 0, "temperature": 23.30, "humidity": 60.10, "illuminance": 203}
{"motion": 0, "temperature": 23.20, "humidity": 60.10, "illuminance": 203}
{"motion": 0, "temperature": 23.30, "humidity": 60.10, "illuminance": 203}
{"motion": 0, "temperature": 23.20, "humidity": 60.10, "illuminance": 203}
{"motion": 0, "temperature": 23.10, "humidity": 60.10, "illuminance": 203}
{"motion": 0, "temperature": 23.10, "humidity": 60.10, "illuminance": 203}
{"motion": 0, "temperature": 23.10, "humidity": 60.10, "illuminance": 203}
{"motion": 0, "temperature": 23.10, "humidity": 60.10, "illuminance": 203}
{"motion": 0, "temperature": 23.10, "humidity": 60.10, "illuminance": 203}
{"motion": 0, "temperature": 23.10, "humidity": 60.10, "illuminance": 209}
{"motion": 0, "temperature": 23.10, "humidity": 60.40, "illuminance": 219}
{"motion": 0, "temperature": 23.10, "humidity": 60.10, "illuminance": 219}
{"motion": 0, "temperature": 23.10, "humidity": 60.10, "illuminance": 219}
{"motion": 0, "temperature": 23.10, "humidity": 60.40, "illuminance": 203}
{"motion": 0, "temperature": 23.20, "humidity": 60.10, "illuminance": 209}
{"motion": 0, "temperature": 23.20, "humidity": 60.10, "illuminance": 209}
{"motion": 0, "temperature": 23.30, "humidity": 60.10, "illuminance": 209}
{"motion": 0, "temperature": 23.20, "humidity": 60.40, "illuminance": 209}
{"motion": 0, "temperature": 23.30, "humidity": 60.40, "illuminance": 209}
{"motion": 0, "temperature": 23.30, "humidity": 60.40, "illuminance": 209}
{"motion": 0, "temperature": 23.20, "humidity": 60.40, "illuminance": 203}
{"motion": 0, "temperature": 23.20, "humidity": 60.40, "illuminance": 203}
{"motion": 0, "temperature": 23.10, "humidity": 60.40, "illuminance": 203}
{"motion": 0, "temperature": 23.10, "humidity": 60.40, "illuminance": 203}
{"motion": 0, "temperature": 23.10, "humidity": 60.40, "illuminance": 203}
{"motion": 0, "temperature": 23.10, "humidity": 60.40, "illuminance": 203}
Failed to read data
{"motion": 0, "temperature": 23.10, "humidity": 60.40, "illuminance": 203}
Failed to read data
{"motion": 0, "temperature": 23.10, "humidity": 60.40, "illuminance": 203}
Failed to read data
{"motion": 0, "temperature": 23.10, "humidity": 60.40, "illuminance": 203}
{"motion": 1, "temperature": 22.70, "humidity": 60.40, "illuminance": 156}
{"motion": 1, "temperature": 22.90, "humidity": 60.40, "illuminance": 166}
{"motion": 1, "temperature": 22.90, "humidity": 60.80, "illuminance": 176}
{"motion": 1, "temperature": 23.00, "humidity": 60.80, "illuminance": 176}
{"motion": 1, "temperature": 22.90, "humidity": 60.40, "illuminance": 193}
{"motion": 1, "temperature": 23.00, "humidity": 60.40, "illuminance": 193}
{"motion": 1, "temperature": 23.10, "humidity": 60.40, "illuminance": 193}
{"motion": 1, "temperature": 23.10, "humidity": 60.40, "illuminance": 193}
{"motion": 1, "temperature": 23.20, "humidity": 60.80, "illuminance": 203}
{"motion": 1, "temperature": 23.10, "humidity": 60.40, "illuminance": 203}
{"motion": 1, "temperature": 23.10, "humidity": 60.40, "illuminance": 209}
{"motion": 1, "temperature": 23.20, "humidity": 60.80, "illuminance": 209}
{"motion": 1, "temperature": 23.20, "humidity": 60.80, "illuminance": 209}
{"motion": 1, "temperature": 23.20, "humidity": 60.40, "illuminance": 209}
{"motion": 1, "temperature": 23.20, "humidity": 60.40, "illuminance": 209}
{"motion": 1, "temperature": 23.10, "humidity": 60.40, "illuminance": 209}
{"motion": 1, "temperature": 23.10, "humidity": 60.40, "illuminance": 209}
{"motion": 1, "temperature": 23.20, "humidity": 60.40, "illuminance": 219}
{"motion": 1, "temperature": 23.10, "humidity": 60.40, "illuminance": 219}
{"motion": 1, "temperature": 23.20, "humidity": 60.40, "illuminance": 229}
{"motion": 0, "temperature": 23.20, "humidity": 60.40, "illuminance": 229}
{"motion": 0, "temperature": 23.20, "humidity": 60.40, "illuminance": 229}
{"motion": 0, "temperature": 23.10, "humidity": 60.40, "illuminance": 229}
{"motion": 0, "temperature": 23.10, "humidity": 60.40, "illuminance": 229}
{"motion": 0, "temperature": 23.00, "humidity": 60.40, "illuminance": 229}
{"motion": 0, "temperature": 23.00, "humidity": 60.40, "illuminance": 219}
{"motion": 0, "temperature": 23.00, "humidity": 60.10, "illuminance": 219}
{"motion": 0, "temperature": 23.00, "humidity": 60.40, "illuminance": 219}
{"motion": 0, "temperature": 22.90, "humidity": 60.40, "illuminance": 219}
{"motion": 0, "temperature": 22.90, "humidity": 60.40, "illuminance": 209}
{"motion": 0, "temperature": 22.90, "humidity": 60.10, "illuminance": 209}
{"motion": 0, "temperature": 22.80, "humidity": 60.40, "illuminance": 209}
{"motion": 0, "temperature": 22.80, "humidity": 60.40, "illuminance": 209}
{"motion": 0, "temperature": 22.80, "humidity": 60.40, "illuminance": 209}
{"motion": 0, "temperature": 22.90, "humidity": 60.40, "illuminance": 209}
{"motion": 0, "temperature": 22.90, "humidity": 60.40, "illuminance": 219}
{"motion": 0, "temperature": 22.90, "humidity": 60.10, "illuminance": 219}
{"motion": 0, "temperature": 22.90, "humidity": 60.10, "illuminance": 236}
{"motion": 0, "temperature": 23.00, "humidity": 60.10, "illuminance": 309}
{"motion": 0, "temperature": 23.00, "humidity": 60.10, "illuminance": 423}
{"motion": 0, "temperature": 23.00, "humidity": 60.10, "illuminance": 529}
{"motion": 0, "temperature": 23.00, "humidity": 60.40, "illuminance": 646}
{"motion": 0, "temperature": 23.00, "humidity": 60.40, "illuminance": 663}
{"motion": 0, "temperature": 22.90, "humidity": 60.40, "illuminance": 816}
{"motion": 0, "temperature": 22.90, "humidity": 60.10, "illuminance": 823}
{"motion": 0, "temperature": 23.00, "humidity": 60.10, "illuminance": 816}
{"motion": 0, "temperature": 23.10, "humidity": 60.40, "illuminance": 913}
{"motion": 0, "temperature": 23.10, "humidity": 60.40, "illuminance": 913}
{"motion": 0, "temperature": 23.10, "humidity": 60.10, "illuminance": 913}
{"motion": 0, "temperature": 23.10, "humidity": 60.10, "illuminance": 919}
{"motion": 0, "temperature": 23.10, "humidity": 60.10, "illuminance": 919}
{"motion": 0, "temperature": 23.10, "humidity": 60.40, "illuminance": 919}
{"motion": 0, "temperature": 23.10, "humidity": 60.10, "illuminance": 919}
{"motion": 0, "temperature": 23.10, "humidity": 60.10, "illuminance": 919}
{"motion": 0, "temperature": 23.10, "humidity": 60.10, "illuminance": 913}
{"motion": 0, "temperature": 23.10, "humidity": 60.10, "illuminance": 913}
{"motion": 0, "temperature": 23.10, "humidity": 60.10, "illuminance": 913}
{"motion": 0, "temperature": 23.10, "humidity": 60.10, "illuminance": 913}
{"motion": 0, "temperature": 23.20, "humidity": 60.10, "illuminance": 913}
{"motion": 0, "temperature": 23.20, "humidity": 60.10, "illuminance": 913}
{"motion": 0, "temperature": 23.20, "humidity": 59.80, "illuminance": 913}
{"motion": 0, "temperature": 23.20, "humidity": 60.10, "illuminance": 913}
{"motion": 0, "temperature": 23.20, "humidity": 60.10, "illuminance": 913}
{"motion": 0, "temperature": 23.20, "humidity": 60.10, "illuminance": 913}
{"motion": 0, "temperature": 23.20, "humidity": 59.80, "illuminance": 913}
{"motion": 0, "temperature": 23.20, "humidity": 60.10, "illuminance": 929}
{"motion": 0, "temperature": 23.20, "humidity": 60.10, "illuminance": 929}
{"motion": 0, "temperature": 23.20, "humidity": 59.80, "illuminance": 919}
{"motion": 0, "temperature": 23.20, "humidity": 60.10, "illuminance": 929}
{"motion": 0, "temperature": 23.20, "humidity": 59.80, "illuminance": 929}
{"motion": 0, "temperature": 22.70, "humidity": 59.80, "illuminance": 779}
{"motion": 0, "temperature": 22.80, "humidity": 59.80, "illuminance": 869}
{"motion": 0, "temperature": 22.90, "humidity": 60.10, "illuminance": 869}
{"motion": 0, "temperature": 23.10, "humidity": 60.10, "illuminance": 876}
{"motion": 0, "temperature": 23.10, "humidity": 60.10, "illuminance": 876}
{"motion": 0, "temperature": 23.10, "humidity": 60.10, "illuminance": 876}
{"motion": 0, "temperature": 23.20, "humidity": 60.10, "illuminance": 876}
{"motion": 0, "temperature": 23.10, "humidity": 60.10, "illuminance": 876}
{"motion": 0, "temperature": 23.20, "humidity": 60.10, "illuminance": 876}
{"motion": 0, "temperature": 23.20, "humidity": 60.10, "illuminance": 876}
{"motion": 0, "temperature": 23.10, "humidity": 60.10, "illuminance": 886}
{"motion": 0, "temperature": 23.10, "humidity": 60.10, "illuminance": 886}
{"motion": 0, "temperature": 23.10, "humidity": 60.10, "illuminance": 886}
{"motion": 0, "temperature": 23.10, "humidity": 60.10, "illuminance": 886}
{"motion": 0, "temperature": 23.10, "humidity": 60.10, "illuminance": 886}
{"motion": 0, "temperature": 23.10, "humidity": 60.40, "illuminance": 886}
{"motion": 0, "temperature": 23.20, "humidity": 60.10, "illuminance": 886}
{"motion": 0, "temperature": 23.10, "humidity": 60.40, "illuminance": 886}
{"motion": 0, "temperature": 23.10, "humidity": 60.10, "illuminance": 886}
{"motion": 0, "temperature": 23.20, "humidity": 60.10, "illuminance": 869}
{"motion": 0, "temperature": 23.30, "humidity": 60.40, "illuminance": 869}
{"motion": 0, "temperature": 23.30, "humidity": 60.40, "illuminance": 876}
{"motion": 0, "temperature": 23.20, "humidity": 60.40, "illuminance": 876}
{"motion": 0, "temperature": 23.20, "humidity": 60.40, "illuminance": 876}
{"motion": 0, "temperature": 23.20, "humidity": 60.40, "illuminance": 876}
{"motion": 0, "temperature": 23.20, "humidity": 60.40, "illuminance": 869}
{"motion": 0, "temperature": 23.20, "humidity": 60.40, "illuminance": 869}
{"motion": 0, "temperature": 23.10, "humidity": 60.40, "illuminance": 859}
{"motion": 0, "temperature": 23.10, "humidity": 60.40, "illuminance": 859}
{"motion": 0, "temperature": 23.20, "humidity": 60.40, "illuminance": 859}
{"motion": 0, "temperature": 23.20, "humidity": 60.40, "illuminance": 859}
{"motion": 0, "temperature": 23.20, "humidity": 60.40, "illuminance": 849}
{"motion": 0, "temperature": 23.20, "humidity": 60.10, "illuminance": 859}
{"motion": 0, "temperature": 23.20, "humidity": 60.40, "illuminance": 859}
{"motion": 0, "temperature": 23.20, "humidity": 60.40, "illuminance": 869}
{"motion": 0, "temperature": 23.20, "humidity": 60.40, "illuminance": 869}
{"motion": 0, "temperature": 23.20, "humidity": 60.40, "illuminance": 876}
{"motion": 0, "temperature": 23.30, "humidity": 60.40, "illuminance": 876}
{"motion": 0, "temperature": 23.20, "humidity": 60.40, "illuminance": 876}
{"motion": 0, "temperature": 23.20, "humidity": 60.40, "illuminance": 869}
{"motion": 0, "temperature": 23.20, "humidity": 60.40, "illuminance": 869}
{"motion": 0, "temperature": 23.20, "humidity": 60.40, "illuminance": 869}
{"motion": 0, "temperature": 23.20, "humidity": 60.40, "illuminance": 869}
{"motion": 0, "temperature": 23.20, "humidity": 60.40, "illuminance": 869}
{"motion": 0, "temperature": 23.20, "humidity": 60.10, "illuminance": 869}
{"motion": 0, "temperature": 23.20, "humidity": 60.40, "illuminance": 859}
{"motion": 0, "temperature": 23.20, "humidity": 60.10, "illuminance": 859}
{"motion": 0, "temperature": 23.10, "humidity": 60.40, "illuminance": 849}
{"motion": 0, "temperature": 23.10, "humidity": 60.40, "illuminance": 849}
{"motion": 0, "temperature": 23.10, "humidity": 60.10, "illuminance": 833}
{"motion": 0, "temperature": 23.10, "humidity": 60.10, "illuminance": 816}
{"motion": 0, "temperature": 23.20, "humidity": 60.40, "illuminance": 816}
{"motion": 0, "temperature": 23.10, "humidity": 60.10, "illuminance": 806}
{"motion": 0, "temperature": 23.20, "humidity": 60.40, "illuminance": 806}
{"motion": 0, "temperature": 23.20, "humidity": 60.40, "illuminance": 806}
Writing to 0x81...
...done
.Writing to 0x8f...
...done
.Writing to 0x81...
...done
no bytes read
.Failed to transmit write packet
Failed to set the requested power mode: 02
{"motion": 1, "temperature": 0.00, "humidity": 0.00, "illuminance": 0}
{"motion": 0, "temperature": 23.10, "humidity": 61.10, "illuminance": 2119}
{"motion": 0, "temperature": 23.10, "humidity": 61.10, "illuminance": 2243}
{"motion": 0, "temperature": 23.10, "humidity": 61.10, "illuminance": 2199}
{"motion": 0, "temperature": 23.10, "humidity": 61.10, "illuminance": 2163}
{"motion": 0, "temperature": 23.10, "humidity": 61.10, "illuminance": 2163}
{"motion": 0, "temperature": 23.10, "humidity": 61.10, "illuminance": 2119}
{"motion": 0, "temperature": 23.20, "humidity": 60.80, "illuminance": 2109}
{"motion": 0, "temperature": 23.20, "humidity": 61.10, "illuminance": 2109}
{"motion": 0, "temperature": 23.30, "humidity": 61.10, "illuminance": 2109}
{"motion": 0, "temperature": 23.20, "humidity": 61.10, "illuminance": 2109}
{"motion": 0, "temperature": 23.30, "humidity": 61.10, "illuminance": 2109}
{"motion": 0, "temperature": 23.20, "humidity": 61.10, "illuminance": 2119}
{"motion": 0, "temperature": 23.30, "humidity": 61.10, "illuminance": 2146}
{"motion": 0, "temperature": 23.20, "humidity": 61.40, "illuminance": 2263}
{"motion": 0, "temperature": 23.20, "humidity": 61.10, "illuminance": 2423}
{"motion": 0, "temperature": 23.20, "humidity": 61.10, "illuminance": 2503}
{"motion": 0, "temperature": 23.10, "humidity": 61.10, "illuminance": 2396}
{"motion": 0, "temperature": 23.10, "humidity": 61.40, "illuminance": 2456}
{"motion": 0, "temperature": 23.20, "humidity": 61.40, "illuminance": 2536}
{"motion": 0, "temperature": 23.10, "humidity": 61.40, "illuminance": 2759}
{"motion": 0, "temperature": 23.10, "humidity": 61.40, "illuminance": 2786}
{"motion": 0, "temperature": 23.10, "humidity": 61.40, "illuminance": 2786}
{"motion": 0, "temperature": 23.10, "humidity": 61.10, "illuminance": 2739}
{"motion": 0, "temperature": 23.00, "humidity": 61.10, "illuminance": 2626}
{"motion": 0, "temperature": 23.10, "humidity": 61.10, "illuminance": 2616}
{"motion": 0, "temperature": 23.00, "humidity": 61.10, "illuminance": 2609}
{"motion": 0, "temperature": 23.00, "humidity": 61.40, "illuminance": 2616}
{"motion": 0, "temperature": 23.00, "humidity": 61.10, "illuminance": 2643}
{"motion": 0, "temperature": 23.00, "humidity": 61.40, "illuminance": 2669}
{"motion": 0, "temperature": 23.00, "humidity": 61.40, "illuminance": 2686}
{"motion": 0, "temperature": 22.90, "humidity": 61.10, "illuminance": 2696}
{"motion": 0, "temperature": 22.90, "humidity": 61.10, "illuminance": 2696}
{"motion": 0, "temperature": 22.90, "humidity": 61.10, "illuminance": 2563}
{"motion": 0, "temperature": 23.00, "humidity": 61.10, "illuminance": 1976}
{"motion": 0, "temperature": 23.00, "humidity": 61.10, "illuminance": 576}
{"motion": 0, "temperature": 22.90, "humidity": 61.10, "illuminance": 273}
{"motion": 0, "temperature": 22.90, "humidity": 61.10, "illuminance": 273}
{"motion": 0, "temperature": 22.90, "humidity": 61.10, "illuminance": 273}
{"motion": 0, "temperature": 22.90, "humidity": 60.80, "illuminance": 263}
{"motion": 0, "temperature": 22.90, "humidity": 61.10, "illuminance": 263}
{"motion": 0, "temperature": 22.90, "humidity": 61.10, "illuminance": 256}
{"motion": 0, "temperature": 22.90, "humidity": 61.10, "illuminance": 256}
{"motion": 0, "temperature": 0.00, "humidity": 0.00, "illuminance": 0}
{"motion": 0, "temperature": 0.00, "humidity": 0.00, "illuminance": 0}
{"motion": 0, "temperature": 0.00, "humidity": 0.00, "illuminance": 0}
{"motion": 0, "temperature": 22.70, "humidity": 61.10, "illuminance": 176}
{"motion": 0, "temperature": 22.80, "humidity": 61.10, "illuminance": 176}
{"motion": 0, "temperature": 22.80, "humidity": 60.80, "illuminance": 183}
{"motion": 0, "temperature": 22.80, "humidity": 61.10, "illuminance": 203}
{"motion": 0, "temperature": 22.80, "humidity": 61.10, "illuminance": 209}
{"motion": 0, "temperature": 22.80, "humidity": 61.10, "illuminance": 219}
{"motion": 0, "temperature": 22.90, "humidity": 61.10, "illuminance": 219}
{"motion": 0, "temperature": 22.90, "humidity": 60.80, "illuminance": 219}
{"motion": 0, "temperature": 22.90, "humidity": 61.10, "illuminance": 219}
{"motion": 0, "temperature": 22.90, "humidity": 61.10, "illuminance": 219}
{"motion": 0, "temperature": 22.90, "humidity": 60.80, "illuminance": 229}
{"motion": 0, "temperature": 22.90, "humidity": 61.10, "illuminance": 229}
{"motion": 0, "temperature": 22.90, "humidity": 61.10, "illuminance": 229}
{"motion": 0, "temperature": 22.90, "humidity": 61.10, "illuminance": 229}
{"motion": 0, "temperature": 22.90, "humidity": 61.10, "illuminance": 219}
{"motion": 0, "temperature": 22.90, "humidity": 60.80, "illuminance": 219}
{"motion": 0, "temperature": 22.80, "humidity": 60.80, "illuminance": 219}
{"motion": 0, "temperature": 22.80, "humidity": 61.10, "illuminance": 209}
{"motion": 0, "temperature": 22.80, "humidity": 60.80, "illuminance": 209}
{"motion": 0, "temperature": 22.80, "humidity": 60.80, "illuminance": 209}
{"motion": 0, "temperature": 22.90, "humidity": 60.80, "illuminance": 219}
{"motion": 0, "temperature": 22.90, "humidity": 60.80, "illuminance": 219}
{"motion": 0, "temperature": 22.90, "humidity": 60.80, "illuminance": 219}
{"motion": 0, "temperature": 23.00, "humidity": 60.80, "illuminance": 229}
{"motion": 0, "temperature": 23.10, "humidity": 60.80, "illuminance": 229}
{"motion": 0, "temperature": 23.20, "humidity": 60.80, "illuminance": 229}
{"motion": 0, "temperature": 23.10, "humidity": 60.80, "illuminance": 229}
{"motion": 0, "temperature": 23.10, "humidity": 60.80, "illuminance": 229}
{"motion": 0, "temperature": 23.10, "humidity": 60.80, "illuminance": 209}
{"motion": 0, "temperature": 22.90, "humidity": 60.80, "illuminance": 219}
{"motion": 0, "temperature": 22.90, "humidity": 60.80, "illuminance": 219}
{"motion": 0, "temperature": 22.90, "humidity": 60.80, "illuminance": 219}
{"motion": 0, "temperature": 22.90, "humidity": 60.80, "illuminance": 219}
{"motion": 0, "temperature": 22.80, "humidity": 61.10, "illuminance": 219}
{"motion": 0, "temperature": 22.90, "humidity": 61.10, "illuminance": 229}
{"motion": 0, "temperature": 22.90, "humidity": 60.80, "illuminance": 229}
{"motion": 0, "temperature": 22.90, "humidity": 60.80, "illuminance": 209}
{"motion": 0, "temperature": 22.90, "humidity": 60.80, "illuminance": 209}
{"motion": 0, "temperature": 23.00, "humidity": 60.40, "illuminance": 209}
{"motion": 0, "temperature": 23.00, "humidity": 60.80, "illuminance": 209}
{"motion": 0, "temperature": 22.90, "humidity": 60.80, "illuminance": 209}
{"motion": 0, "temperature": 23.00, "humidity": 60.80, "illuminance": 219}
{"motion": 0, "temperature": 22.90, "humidity": 60.80, "illuminance": 209}
{"motion": 0, "temperature": 23.00, "humidity": 60.80, "illuminance": 209}
{"motion": 0, "temperature": 23.00, "humidity": 60.80, "illuminance": 209}
{"motion": 0, "temperature": 22.90, "humidity": 60.40, "illuminance": 209}
{"motion": 0, "temperature": 23.00, "humidity": 60.40, "illuminance": 209}
Writing to 0x81...
...done
.Writing to 0x8f...
...done
.Writing to 0x81...
...done
no bytes read
.Failed to transmit write packet
Failed to set the requested power mode: 02
{"motion": 1, "temperature": 0.00, "humidity": 0.00, "illuminance": 0}
{"motion": 0, "temperature": 22.60, "humidity": 61.40, "illuminance": 176}
{"motion": 0, "temperature": 22.60, "humidity": 61.70, "illuminance": 183}
{"motion": 0, "temperature": 22.60, "humidity": 61.40, "illuminance": 183}
{"motion": 0, "temperature": 22.60, "humidity": 61.70, "illuminance": 183}
{"motion": 0, "temperature": 22.60, "humidity": 61.40, "illuminance": 183}
{"motion": 0, "temperature": 22.60, "humidity": 61.70, "illuminance": 183}
{"motion": 0, "temperature": 22.60, "humidity": 61.70, "illuminance": 176}
{"motion": 0, "temperature": 22.60, "humidity": 61.70, "illuminance": 176}
{"motion": 0, "temperature": 22.60, "humidity": 62.00, "illuminance": 176}
{"motion": 0, "temperature": 22.60, "humidity": 61.70, "illuminance": 176}
{"motion": 0, "temperature": 22.60, "humidity": 62.00, "illuminance": 176}
{"motion": 0, "temperature": 22.60, "humidity": 61.70, "illuminance": 176}
{"motion": 0, "temperature": 22.70, "humidity": 62.00, "illuminance": 183}
{"motion": 0, "temperature": 22.70, "humidity": 62.00, "illuminance": 176}
{"motion": 0, "temperature": 22.80, "humidity": 61.70, "illuminance": 176}
{"motion": 0, "temperature": 22.80, "humidity": 62.00, "illuminance": 176}
{"motion": 0, "temperature": 22.80, "humidity": 62.00, "illuminance": 176}
{"motion": 0, "temperature": 22.80, "humidity": 61.70, "illuminance": 176}
{"motion": 0, "temperature": 22.70, "humidity": 62.00, "illuminance": 183}
{"motion": 0, "temperature": 22.70, "humidity": 62.00, "illuminance": 183}
{"motion": 0, "temperature": 22.70, "humidity": 62.00, "illuminance": 183}
{"motion": 0, "temperature": 22.70, "humidity": 62.00, "illuminance": 183}
{"motion": 0, "temperature": 22.70, "humidity": 62.00, "illuminance": 183}
{"motion": 0, "temperature": 22.70, "humidity": 62.00, "illuminance": 183}
{"motion": 0, "temperature": 22.70, "humidity": 62.40, "illuminance": 183}
{"motion": 0, "temperature": 22.70, "humidity": 62.00, "illuminance": 183}
{"motion": 0, "temperature": 22.70, "humidity": 62.40, "illuminance": 183}
{"motion": 0, "temperature": 22.70, "humidity": 62.40, "illuminance": 183}
{"motion": 0, "temperature": 22.70, "humidity": 62.00, "illuminance": 183}
{"motion": 0, "temperature": 22.70, "humidity": 62.40, "illuminance": 183}
{"motion": 0, "temperature": 22.80, "humidity": 62.70, "illuminance": 183}
{"motion": 0, "temperature": 22.70, "humidity": 62.40, "illuminance": 183}
{"motion": 0, "temperature": 22.70, "humidity": 62.70, "illuminance": 183}
{"motion": 0, "temperature": 22.70, "humidity": 62.70, "illuminance": 183}
{"motion": 0, "temperature": 22.70, "humidity": 62.40, "illuminance": 183}
{"motion": 0, "temperature": 22.70, "humidity": 62.40, "illuminance": 183}
{"motion": 0, "temperature": 22.70, "humidity": 62.70, "illuminance": 183}
{"motion": 0, "temperature": 22.70, "humidity": 62.70, "illuminance": 183}
{"motion": 0, "temperature": 22.70, "humidity": 62.70, "illuminance": 183}
{"motion": 0, "temperature": 22.80, "humidity": 62.70, "illuminance": 183}
{"motion": 0, "temperature": 22.80, "humidity": 62.70, "illuminance": 183}
{"motion": 0, "temperature": 22.70, "humidity": 62.70, "illuminance": 183}
{"motion": 0, "temperature": 22.70, "humidity": 62.40, "illuminance": 183}
{"motion": 0, "temperature": 22.80, "humidity": 62.70, "illuminance": 183}
{"motion": 0, "temperature": 22.80, "humidity": 62.70, "illuminance": 183}
{"motion": 0, "temperature": 22.80, "humidity": 62.70, "illuminance": 183}
{"motion": 0, "temperature": 22.80, "humidity": 62.70, "illuminance": 183}
{"motion": 0, "temperature": 22.70, "humidity": 62.70, "illuminance": 183}
{"motion": 0, "temperature": 22.80, "humidity": 62.70, "illuminance": 183}
{"motion": 0, "temperature": 22.80, "humidity": 62.70, "illuminance": 176}
{"motion": 0, "temperature": 22.80, "humidity": 62.70, "illuminance": 176}
{"motion": 0, "temperature": 22.80, "humidity": 63.00, "illuminance": 176}
